[7/8/2015 3:44:17 PM] ** Closing D:\LiveApps\BVIProgramManager\BVIPM Source Code\BVIPM_Local\bin\BVIPM_Local.EXE Version 12.0  **
[7/8/2015 3:46:07 PM] ** Launching D:\LiveApps\BVIProgramManager\BVIPM Source Code\BVIPM_Local\bin\BVIPM_Local.EXE Version 12.0  **
[7/8/2015 3:50:04 PM] BVIPM_Local.exe is unable to establish contact with \htt ** ERROR FORCING APPLICATION SHUTDOWN **
[7/8/2015 3:52:45 PM] ** Launching D:\LiveApps\BVIProgramManager\BVIPM Source Code\BVIPM_Local\bin\BVIPM_Local.EXE Version Test v100  **
[7/8/2015 3:53:16 PM] BVIPM_Local.exe is unable to establish contact with \htt ** ERROR FORCING APPLICATION SHUTDOWN **
[7/8/2015 3:54:27 PM] ** Launching D:\LiveApps\BVIProgramManager\BVIPM Source Code\BVIPM_Local\bin\BVIPM_Local.EXE Version Test v100  **
[7/8/2015 3:55:53 PM] ** Launching D:\LiveApps\BVIProgramManager\BVIPM Source Code\BVIPM_Local\bin\BVIPM_Local.EXE Version Test v100  **
[7/8/2015 3:58:21 PM] ** Launching D:\LiveApps\BVIProgramManager\BVIPM Source Code\BVIPM_Local\bin\BVIPM_Local.EXE Version Test v100  **
[7/8/2015 3:58:42 PM] Launching PKOH-PKOH WebAces Emp in browser
[7/8/2015 3:58:42 PM] Error #643: AppFullFile is   Error message: Conversion from type 'DBNull' to type 'String' is not valid. ** ERROR FORCING APPLICATION SHUTDOWN **
[7/8/2015 3:59:28 PM] ** Launching D:\LiveApps\BVIProgramManager\BVIPM Source Code\BVIPM_Local\bin\BVIPM_Local.EXE Version Test v100  **
[7/8/2015 3:59:39 PM] Launching PKOH-PKOH WebAces Emp in browser
[7/8/2015 4:09:28 PM] ** Launching D:\LiveApps\BVIProgramManager\BVIPM Source Code\BVIPM_Local\bin\BVIPM_Local.EXE Version Test v100  **
[7/8/2015 4:09:35 PM] Launching PKOH-PKOH WebAces Emp in browser
[7/8/2015 4:09:51 PM] Clicked trouble call
[7/8/2015 4:10:03 PM] Launching PKOH-PKOH WebAces Enr in browser
[7/8/2015 4:10:25 PM] Launching PKOH-PKOH WebAces Emp in browser
[7/8/2015 4:10:49 PM] Launching PKOH-PKOH WebAces Emp in browser
[7/8/2015 4:11:10 PM] Launching PKOH-PKOH WebAces Enr in browser
[7/8/2015 4:14:32 PM] ** Closing D:\LiveApps\BVIProgramManager\BVIPM Source Code\BVIPM_Local\bin\BVIPM_Local.EXE Version Test v100  **
[7/8/2015 4:14:37 PM] ** Launching D:\LiveApps\BVIProgramManager\BVIPM Source Code\BVIPM_Local\bin\BVIPM_Local.EXE Version Test v100  **
[7/8/2015 4:14:42 PM] Launching PKOH-PKOH WebAces Emp in browser
[7/8/2015 4:14:58 PM] Launching PKOH-PKOH WebAces Enr in browser
[7/8/2015 4:15:13 PM] Launching PKOH-PKOH WebAces Emp in browser
[7/8/2015 4:27:50 PM] Launching PKOH-PKOH WebAces Emp in browser
[7/8/2015 4:27:50 PM] Error #643: AppFullFile is pkoh.benenroll.com  Error message: The system cannot find the file specified ** ERROR FORCING APPLICATION SHUTDOWN **
[7/8/2015 4:54:43 PM] ** Launching D:\LiveApps\BVIProgramManager\BVIPM Source Code\BVIPM_Local\bin\BVIPM_Local.EXE Version Test v100  **
[7/8/2015 4:54:49 PM] Launching PKOH-PKOH WebAces Emp in browser
[7/8/2015 4:55:04 PM] Launching PKOH-PKOH WebAces Enr in browser
[7/8/2015 4:55:51 PM] Launching PKOH-PKOH WebAces Enr in browser
[7/8/2015 4:59:02 PM] Launching PKOH-PKOH WebAces Enr in browser
[7/8/2015 4:59:05 PM] Launching PKOH-PKOH WebAces Emp in browser
[7/8/2015 4:59:17 PM] Launching PKOH-PKOH WebAces Enr in browser
[7/8/2015 5:01:02 PM] Launching PKOH-PKOH WebAces Enr in browser
[7/8/2015 5:01:15 PM] Launching PKOH-PKOH WebAces Emp in browser
[7/8/2015 5:01:17 PM] Launching PKOH-PKOH WebAces Enr in browser
[7/9/2015 2:45:35 PM] ** Closing D:\LiveApps\BVIProgramManager\BVIPM Source Code\BVIPM_Local\bin\BVIPM_Local.EXE Version Test v100  **
